\BOOKMARK [0][-]{chapter*.4}{Introduction}{}% 1
\BOOKMARK [0][-]{chapter.1}{Structure interne des étoiles}{}% 2
\BOOKMARK [1][-]{section.1.1}{Equilibre\040thermodynamique}{chapter.1}% 3
\BOOKMARK [2][-]{subsection.1.1.1}{Conservation\040de\040la\040masse}{section.1.1}% 4
\BOOKMARK [2][-]{subsection.1.1.2}{Equilibre\040hydrostatique}{section.1.1}% 5
\BOOKMARK [2][-]{subsection.1.1.3}{Equilibre\040thermique}{section.1.1}% 6
\BOOKMARK [2][-]{subsection.1.1.4}{Transport d'énergie}{section.1.1}% 7
\BOOKMARK [1][-]{section.1.2}{Modèle polytropique}{chapter.1}% 8
\BOOKMARK [0][-]{chapter.2}{Evolution\040stellaire}{}% 9
\BOOKMARK [1][-]{section.2.1}{La séquence principale}{chapter.2}% 10
\BOOKMARK [2][-]{subsection.2.1.1}{La chaîne proton-proton}{section.2.1}% 11
\BOOKMARK [2][-]{subsection.2.1.2}{Le\040cycle\040CNO}{section.2.1}% 12
\BOOKMARK [2][-]{subsection.2.1.3}{Le\040diagramme\040de\040Hertzsprung-Russell}{section.2.1}% 13
\BOOKMARK [1][-]{section.2.2}{La phase géante rouge}{chapter.2}% 14
\BOOKMARK [2][-]{subsection.2.2.1}{Flash de l'hélium}{section.2.2}% 15
\BOOKMARK [2][-]{subsection.2.2.2}{AGB \(branche asymptotique des géantes\)}{section.2.2}% 16
\BOOKMARK [1][-]{section.2.3}{Les\040naines\040blanches}{chapter.2}% 17
\BOOKMARK [1][-]{section.2.4}{Evolution tardive des étoiles massives}{chapter.2}% 18
\BOOKMARK [1][-]{section.2.5}{Tableau récapitulatif de la nucléosynthèse stellaire}{chapter.2}% 19
\BOOKMARK [0][-]{chapter.3}{Supernovas}{}% 20
\BOOKMARK [1][-]{section.3.1}{Types\040de\040supernovas}{chapter.3}% 21
\BOOKMARK [2][-]{subsection.3.1.1}{Supernovas à effondrement gravitationnel}{section.3.1}% 22
\BOOKMARK [2][-]{subsection.3.1.2}{Supernovas thermonucléaires}{section.3.1}% 23
\BOOKMARK [1][-]{section.3.2}{Nucléosynthèse lors d'une supernova}{chapter.3}% 24
\BOOKMARK [0][-]{chapter.4}{L'E-ELT}{}% 25
\BOOKMARK [1][-]{section.4.1}{Les raisons et les technologies nécessaires à la construction de l'E-ELT}{chapter.4}% 26
\BOOKMARK [1][-]{section.4.2}{Les\040instruments}{chapter.4}% 27
\BOOKMARK [1][-]{section.4.3}{Comparaison avec d'autres télescopes}{chapter.4}% 28
\BOOKMARK [0][-]{chapter.5}{Enrichissement\040du\040milieu\040interstellaire}{}% 29
\BOOKMARK [1][-]{section.5.1}{Evolution et rôle du milieu interstellaire}{chapter.5}% 30
\BOOKMARK [1][-]{section.5.2}{\040L'E-ELT\040dans\040ce\040domaine}{chapter.5}% 31
\BOOKMARK [0][-]{chapter*.19}{Conclusion}{}% 32
\BOOKMARK [0][-]{chapter*.20}{Bibliographie}{}% 33
\BOOKMARK [0][-]{chapter*.21}{Table\040des\040figures}{}% 34
\BOOKMARK [0][-]{appendix.A}{Modèle polytropique}{}% 35
\BOOKMARK [0][-]{appendix.B}{Masse\040de\040Chandrasekhar}{}% 36
\BOOKMARK [0][-]{appendix.C}{Durée de vie des étoiles}{}% 37
\BOOKMARK [0][-]{appendix.D}{Spectres électromagnétiques}{}% 38
